<?xml version="1.0" encoding="UTF-8"?>
<!-- Generated by org.testng.reporters.JUnitXMLReporter -->
<testsuite ignored="4" hostname="htsr-spare-7480-WVF2" failures="1" tests="3" name="Test" time="57.816" errors="0" timestamp="2024-02-20T11:15:22 MST">
  <testcase classname="tests.SearchFlightTest" name="searchForFlight" time="11.37"/>
  <testcase classname="tests.BookFlightTest" name="BookFlight" time="17.368"/>
  <testcase classname="tests.LoginTest" name="login" time="24.579">
    <failure type="java.lang.AssertionError" message="expected [395.70] but found [378]">
      <![CDATA[java.lang.AssertionError: expected [395.70] but found [378]
at com.pageObjectClasses.LoginDetails.comparePrice(LoginDetails.java:127)
at tests.LoginTest.login(LoginTest.java:21)
at java.base/java.util.ArrayList.forEach(ArrayList.java:1541)
... Removed 33 stack frames]]>
    </failure>
  </testcase> <!-- login -->
  <testcase classname="com.base.BaseClass" name="@BeforeTest intializeBrowser" time="0.0">
    <ignored/>
  </testcase> <!-- @BeforeTest intializeBrowser -->
  <testcase classname="com.base.BaseClass" name="@BeforeTest intializeBrowser" time="0.0">
    <ignored/>
  </testcase> <!-- @BeforeTest intializeBrowser -->
  <testcase classname="com.base.BaseClass" name="@AfterTest tearDown" time="0.0">
    <ignored/>
  </testcase> <!-- @AfterTest tearDown -->
  <testcase classname="com.base.BaseClass" name="@AfterTest tearDown" time="0.0">
    <ignored/>
  </testcase> <!-- @AfterTest tearDown -->
</testsuite> <!-- Test -->
